Step: step-credential-initializer-4g58j:

{"level":"warn","ts":1565729262.8079374,"logger":"fallback-logger","caller":"logging/config.go:69","msg":"Fetch GitHub commit ID from kodata failed: \"ref: refs/heads/master\" is not a valid GitHub commit ID"}
{"level":"info","ts":1565729262.8085089,"logger":"fallback-logger","caller":"creds-init/main.go:40","msg":"Credentials initialized."}
Step: step-working-dir-initializer-8zb4b:

{"level":"warn","ts":1565729263.8698428,"logger":"fallback-logger","caller":"logging/config.go:69","msg":"Fetch GitHub commit ID from kodata failed: open /var/run/ko/HEAD: no such file or directory"}
{"level":"info","ts":1565729263.87206,"logger":"fallback-logger","caller":"bash/main.go:65","msg":"Successfully executed command \"mkdir -p /workspace/source\""}
Step: step-place-tools:

Step: step-git-source-meta-******-environment-******-gmgx4:

{"level":"warn","ts":1565729274.0745997,"logger":"fallback-logger","caller":"logging/config.go:69","msg":"Fetch GitHub commit ID from kodata failed: \"ref: refs/heads/master\" is not a valid GitHub commit ID"}
{"level":"info","ts":1565729274.36538,"logger":"fallback-logger","caller":"git/git.go:102","msg":"Successfully cloned https://github.com/******/environment-******-production.git @ 2105acd092254834c6569c9b90373b93949d5f04 in path /workspace/source"}
Step: step-git-merge:

{"level":"info","msg":"Using SHAs from PULL_REFS=master:2105acd092254834c6569c9b90373b93949d5f04","time":"2019-08-13T20:47:55Z"}
{"level":"warning","msg":"no SHAs to merge, falling back to initial cloned commit","time":"2019-08-13T20:47:55Z"}
Step: step-merge-pull-refs:

SKIP merge-pull-refs: Nothing to merge
Step: step-create-effective-pipeline:

{"level":"info","msg":"Deleting and cloning the Jenkins X versions repo","time":"2019-08-13T20:47:57Z"}
{"level":"info","msg":"Cloning the Jenkins X versions repo https://github.com/jenkins-x/jenkins-x-versions.git with ref refs/heads/master to /builder/home/.jx/jenkins-x-versions","time":"2019-08-13T20:47:57Z"}
{"level":"info","msg":"selected pack: /builder/home/.jx/draft/packs/github.com/jenkins-x-buildpacks/jenkins-x-kubernetes/packs/environment","time":"2019-08-13T20:47:58Z"}
{"level":"info","msg":"Effective pipeline written to jenkins-x-promotion-effective.yml","time":"2019-08-13T20:47:59Z"}
Step: step-create-tekton-crds:

{"level":"info","msg":"running command: jx step next-version --use-git-tag-only --tag","time":"2019-08-13T20:47:59Z"}
{"level":"info","msg":"created new version: 0.0.1 and written to file: ./VERSION","time":"2019-08-13T20:48:00Z"}
{"level":"info","msg":"Tag v0.0.1 created and pushed to remote origin","time":"2019-08-13T20:48:02Z"}
{"level":"info","msg":"","time":"2019-08-13T20:48:02Z"}
{"level":"info","msg":"PipelineActivity for ******-environment-******-production-master-1","time":"2019-08-13T20:48:02Z"}
{"level":"info","msg":"Applying changes ","time":"2019-08-13T20:48:02Z"}
{"level":"info","msg":"upserted PipelineResource ******-environment-******-produ for the git repository https://github.com/******/environment-******-production.git and branch master","time":"2019-08-13T20:48:02Z"}
{"level":"info","msg":"upserted Task ******-environment-******-produ-g7gmb-from-build-pack-1","time":"2019-08-13T20:48:02Z"}
{"level":"info","msg":"upserted Pipeline ******-environment-******-produ-g7gmb-1","time":"2019-08-13T20:48:02Z"}
{"level":"info","msg":"created PipelineRun ******-environment-******-produ-g7gmb-1","time":"2019-08-13T20:48:02Z"}
{"level":"info","msg":"created PipelineStructure ******-environment-******-produ-g7gmb-1","time":"2019-08-13T20:48:02Z"}
